JVM info: Oracle Corporation - 23.0.1 - 23.0.1+11-39
java.net.preferIPv4Stack=true
Current Time: 04/12/2024 21:09:44
Host: files.minecraftforge.net [104.21.58.163, 172.67.161.211]
Host: maven.minecraftforge.net [104.21.58.163, 172.67.161.211]
Host: libraries.minecraft.net [13.107.246.50]
Host: launchermeta.mojang.com [13.107.246.50]
Host: piston-meta.mojang.com [13.107.246.50]
Host: sessionserver.mojang.com [13.107.246.50]
Host: authserver.mojang.com [Unknown]
Data kindly mirrored by CreeperHost at https://www.creeperhost.net/
Extracting main jar:
  Extracted successfully
Considering minecraft server jar
Failed to establish connection to https://launchermeta.mojang.com/mc/game/version_manifest.json
 Host: launchermeta.mojang.com [13.107.246.50]
java.net.SocketTimeoutException: Connect timed out
	at java.base/sun.nio.ch.NioSocketImpl.timedFinishConnect(NioSocketImpl.java:546)
	at java.base/sun.nio.ch.NioSocketImpl.connect(NioSocketImpl.java:592)
	at java.base/java.net.SocksSocketImpl.connect(SocksSocketImpl.java:327)
	at java.base/java.net.Socket.connect(Socket.java:760)
	at java.base/sun.security.ssl.SSLSocketImpl.connect(SSLSocketImpl.java:304)
	at java.base/sun.net.NetworkClient.doConnect(NetworkClient.java:178)
	at java.base/sun.net.www.http.HttpClient.openServer(HttpClient.java:531)
	at java.base/sun.net.www.http.HttpClient.openServer(HttpClient.java:636)
	at java.base/sun.net.www.protocol.https.HttpsClient.<init>(HttpsClient.java:264)
	at java.base/sun.net.www.protocol.https.HttpsClient.New(HttpsClient.java:377)
	at java.base/sun.net.www.protocol.https.AbstractDelegateHttpsURLConnection.getNewHttpClient(AbstractDelegateHttpsURLConnection.java:193)
	at java.base/sun.net.www.protocol.http.HttpURLConnection.plainConnect0(HttpURLConnection.java:1243)
	at java.base/sun.net.www.protocol.http.HttpURLConnection.plainConnect(HttpURLConnection.java:1129)
	at java.base/sun.net.www.protocol.https.AbstractDelegateHttpsURLConnection.connect(AbstractDelegateHttpsURLConnection.java:179)
	at java.base/sun.net.www.protocol.http.HttpURLConnection.getInputStream0(HttpURLConnection.java:1691)
	at java.base/sun.net.www.protocol.http.HttpURLConnection.getInputStream(HttpURLConnection.java:1615)
	at java.base/java.net.HttpURLConnection.getResponseCode(HttpURLConnection.java:531)
	at java.base/sun.net.www.protocol.https.HttpsURLConnectionImpl.getResponseCode(HttpsURLConnectionImpl.java:307)
	at net.minecraftforge.installer.DownloadUtils.getConnection(DownloadUtils.java:240)
	at net.minecraftforge.installer.DownloadUtils.downloadString(DownloadUtils.java:309)
	at net.minecraftforge.installer.DownloadUtils.downloadManifest(DownloadUtils.java:304)
	at net.minecraftforge.installer.json.Util.getVanillaVersion(Util.java:81)
	at net.minecraftforge.installer.actions.Action.downloadVanilla(Action.java:121)
	at net.minecraftforge.installer.actions.ServerInstall.run(ServerInstall.java:61)
	at net.minecraftforge.installer.InstallerPanel.run(InstallerPanel.java:291)
	at net.minecraftforge.installer.SimpleInstaller.launchGui(SimpleInstaller.java:182)
	at net.minecraftforge.installer.SimpleInstaller.main(SimpleInstaller.java:154)
Failed to download version manifest, can not find server jar URL.
There was an error during installation
