[21:21:17] [main/INFO]: Environment: authHost='https://authserver.mojang.com', accountsHost='https://api.mojang.com', sessionHost='https://sessionserver.mojang.com', servicesHost='https://api.minecraftservices.com', name='PROD'
[21:21:18] [main/WARN]: Ambiguity between arguments [teleport, destination] and [teleport, targets] with inputs: [Player, 0123, @e, dd12be42-52a9-4a91-a8a1-11c01849e498]
[21:21:18] [main/WARN]: Ambiguity between arguments [teleport, location] and [teleport, destination] with inputs: [0.1 -0.5 .9, 0 0 0]
[21:21:18] [main/WARN]: Ambiguity between arguments [teleport, location] and [teleport, targets] with inputs: [0.1 -0.5 .9, 0 0 0]
[21:21:18] [main/WARN]: Ambiguity between arguments [teleport, targets] and [teleport, destination] with inputs: [Player, 0123, dd12be42-52a9-4a91-a8a1-11c01849e498]
[21:21:18] [main/WARN]: Ambiguity between arguments [teleport, targets, location] and [teleport, targets, destination] with inputs: [0.1 -0.5 .9, 0 0 0]
[21:21:18] [main/INFO]: Reloading ResourceManager: Default
[21:21:18] [Worker-Main-10/INFO]: Loaded 7 recipes
[21:21:19] [Worker-Main-10/INFO]: Loaded 927 advancements
[21:21:20] [Server thread/INFO]: Starting minecraft server version 1.16.5
[21:21:20] [Server thread/INFO]: Loading properties
[21:21:20] [Server thread/INFO]: Default game type: SURVIVAL
[21:21:20] [Server thread/INFO]: Generating keypair
[21:21:20] [Server thread/INFO]: Starting Minecraft server on *:38666
[21:21:20] [Server thread/INFO]: Using default channel type
[21:21:21] [Server thread/WARN]: **** SERVER IS RUNNING IN OFFLINE/INSECURE MODE!
[21:21:21] [Server thread/WARN]: The server will make no attempt to authenticate usernames. Beware.
[21:21:21] [Server thread/WARN]: While this makes the game possible to play without internet access, it also opens up the ability for hackers to connect with any username they choose.
[21:21:21] [Server thread/WARN]: To change this, set "online-mode" to "true" in the server.properties file.
[21:21:21] [Server thread/INFO]: Preparing level "world"
[21:21:26] [Server thread/INFO]: Preparing start region for dimension minecraft:overworld
[21:21:26] [Worker-Main-8/INFO]: Preparing spawn area: 0%
[21:21:27] [Worker-Main-12/INFO]: Preparing spawn area: 0%
[21:21:27] [Worker-Main-8/INFO]: Preparing spawn area: 0%
[21:21:28] [Worker-Main-9/INFO]: Preparing spawn area: 0%
[21:21:28] [Worker-Main-11/INFO]: Preparing spawn area: 1%
[21:21:29] [Worker-Main-11/INFO]: Preparing spawn area: 3%
[21:21:29] [Worker-Main-13/INFO]: Preparing spawn area: 5%
[21:21:30] [Worker-Main-8/INFO]: Preparing spawn area: 5%
[21:21:30] [Worker-Main-17/INFO]: Preparing spawn area: 5%
[21:21:31] [Worker-Main-8/INFO]: Preparing spawn area: 9%
[21:21:31] [Worker-Main-8/INFO]: Preparing spawn area: 9%
[21:21:32] [Worker-Main-13/INFO]: Preparing spawn area: 14%
[21:21:32] [Worker-Main-10/INFO]: Preparing spawn area: 15%
[21:21:33] [Worker-Main-13/INFO]: Preparing spawn area: 15%
[21:21:33] [Worker-Main-12/INFO]: Preparing spawn area: 19%
[21:21:34] [Worker-Main-10/INFO]: Preparing spawn area: 19%
[21:21:34] [Worker-Main-13/INFO]: Preparing spawn area: 24%
[21:21:35] [Worker-Main-13/INFO]: Preparing spawn area: 24%
[21:21:35] [Worker-Main-11/INFO]: Preparing spawn area: 24%
[21:21:36] [Worker-Main-10/INFO]: Preparing spawn area: 24%
[21:21:36] [Worker-Main-8/INFO]: Preparing spawn area: 24%
[21:21:37] [Worker-Main-12/INFO]: Preparing spawn area: 33%
[21:21:37] [Worker-Main-13/INFO]: Preparing spawn area: 40%
[21:21:38] [Worker-Main-17/INFO]: Preparing spawn area: 46%
[21:21:38] [Worker-Main-17/INFO]: Preparing spawn area: 55%
[21:21:39] [Worker-Main-9/INFO]: Preparing spawn area: 60%
[21:21:39] [Worker-Main-13/INFO]: Preparing spawn area: 65%
[21:21:40] [Worker-Main-8/INFO]: Preparing spawn area: 72%
[21:21:40] [Worker-Main-9/INFO]: Preparing spawn area: 80%
[21:21:41] [Worker-Main-17/INFO]: Preparing spawn area: 85%
[21:21:41] [Worker-Main-17/INFO]: Preparing spawn area: 92%
[21:21:42] [Worker-Main-13/INFO]: Preparing spawn area: 99%
[21:21:42] [Server thread/INFO]: Time elapsed: 15655 ms
[21:21:42] [Server thread/INFO]: Done (21.135s)! For help, type "help"
[21:21:47] [Server thread/INFO]: Stopping the server
[21:21:47] [Server thread/INFO]: Stopping server
[21:21:47] [Server thread/INFO]: Saving players
[21:21:47] [Server thread/INFO]: Saving worlds
[21:21:47] [Server thread/INFO]: Saving chunks for level 'ServerLevel[world]'/minecraft:overworld
[21:21:49] [Server thread/INFO]: ThreadedAnvilChunkStorage (world): All chunks are saved
[21:21:49] [Server thread/INFO]: Saving chunks for level 'ServerLevel[world]'/minecraft:the_nether
[21:21:49] [Server thread/INFO]: ThreadedAnvilChunkStorage (DIM-1): All chunks are saved
[21:21:49] [Server thread/INFO]: Saving chunks for level 'ServerLevel[world]'/minecraft:the_end
[21:21:49] [Server thread/INFO]: ThreadedAnvilChunkStorage (DIM1): All chunks are saved
[21:21:49] [Server thread/INFO]: ThreadedAnvilChunkStorage (world): All chunks are saved
[21:21:49] [Server thread/INFO]: ThreadedAnvilChunkStorage (DIM-1): All chunks are saved
[21:21:49] [Server thread/INFO]: ThreadedAnvilChunkStorage (DIM1): All chunks are saved
